
Showing logs for build [32mcb-kubecd-environment-pr-96-48-smspt-1[0m stage [32mfrom-build-pack[0m and container [32mstep-credential-initializer-v5f6n[0m
{"level":"warn","ts":1575385143.8845036,"logger":"fallback-logger","caller":"logging/config.go:69","msg":"Fetch GitHub commit ID from kodata failed: \"ref: refs/heads/master\" is not a valid GitHub commit ID"}
{"level":"info","ts":1575385143.8848863,"logger":"fallback-logger","caller":"creds-init/main.go:40","msg":"Credentials initialized."}

Showing logs for build [32mcb-kubecd-environment-pr-96-48-smspt-1[0m stage [32mfrom-build-pack[0m and container [32mstep-working-dir-initializer-bd5z5[0m
{"level":"warn","ts":1575385144.8779993,"logger":"fallback-logger","caller":"logging/config.go:69","msg":"Fetch GitHub commit ID from kodata failed: open /var/run/ko/HEAD: no such file or directory"}
{"level":"info","ts":1575385144.87912,"logger":"fallback-logger","caller":"bash/main.go:65","msg":"Successfully executed command \"mkdir -p /workspace/source\""}

Showing logs for build [32mcb-kubecd-environment-pr-96-48-smspt-1[0m stage [32mfrom-build-pack[0m and container [32mstep-place-tools[0m

Showing logs for build [32mcb-kubecd-environment-pr-96-48-smspt-1[0m stage [32mfrom-build-pack[0m and container [32mstep-git-source-cb-kubecd-environment-pr-96-48-d2ctf[0m
{"level":"warn","ts":1575385150.1207516,"logger":"fallback-logger","caller":"logging/config.go:69","msg":"Fetch GitHub commit ID from kodata failed: \"ref: refs/heads/master\" is not a valid GitHub commit ID"}
{"level":"info","ts":1575385150.3582284,"logger":"fallback-logger","caller":"git/git.go:102","msg":"Successfully cloned https://github.com/cb-kubecd/environment-pr-96-48-boot-eks-staging.git @ master in path /workspace/source"}

Showing logs for build [32mcb-kubecd-environment-pr-96-48-smspt-1[0m stage [32mfrom-build-pack[0m and container [32mstep-git-merge[0m
Using SHAs from PULL_REFS=master:d1dbd2b905b456223ed3ab6b8b8409c042ed78d1,1:0eb4b6e2172de059f80b09470413118dbc5540c5
DEBUG: ran git fetch --unshallow origin 0eb4b6e2172de059f80b09470413118dbc5540c5: d1dbd2b905b456223ed3ab6b8b8409c042ed78d1: in 
DEBUG: ran git checkout master in 
DEBUG: ran git reset --hard d1dbd2b905b456223ed3ab6b8b8409c042ed78d1 in 
DEBUG: ran clean --force -d . in 
DEBUG: ran git merge 0eb4b6e2172de059f80b09470413118dbc5540c5 in 
Merged SHA 0eb4b6e2172de059f80b09470413118dbc5540c5 with commit message 'chore: Promote bdd-spring-1575384848 to version 0.0.1' into base branch master

Showing logs for build [32mcb-kubecd-environment-pr-96-48-smspt-1[0m stage [32mfrom-build-pack[0m and container [32mstep-build-helm-build[0m
WARNING: No $CHART_REPOSITORY defined so using the default value of: http://jenkins-x-chartmuseum:8080
Adding missing Helm repo: storage.googleapis.com https://storage.googleapis.com/chartmuseum.jenkins-x.io
Read credentials for https://storage.googleapis.com/chartmuseum.jenkins-x.io from vault helm/repos
Successfully added Helm repository storage.googleapis.com.
Adding missing Helm repo: jenkins-x-chartmuseum http://jenkins-x-chartmuseum:8080
Read credentials for http://jenkins-x-chartmuseum:8080 from vault helm/repos
Successfully added Helm repository jenkins-x-chartmuseum.
WARNING: No $CHART_REPOSITORY defined so using the default value of: http://jenkins-x-chartmuseum:8080
Adding missing Helm repo: chartmuseum.jenkins-x.io http://chartmuseum.jenkins-x.io
Read credentials for http://chartmuseum.jenkins-x.io from vault helm/repos
Successfully added Helm repository chartmuseum.jenkins-x.io.
